This file contains any messages produced by compilers while
running configure, to aid debugging if configure makes a mistake.

It was created by configure, which was
generated by GNU Autoconf 2.69.  Invocation command line was

  $ ./configure CC_FOR_BUILD=emcc HOST_CC=emcc CC=emcc CXX=em++

## --------- ##
## Platform. ##
## --------- ##

hostname = linux-1loo
uname -m = x86_64
uname -r = 4.12.14-lp150.12.82-default
uname -s = Linux
uname -v = #1 SMP Tue Nov 12 16:32:38 UTC 2019 (c939e24)

/usr/bin/uname -p = x86_64
/bin/uname -X     = unknown

/bin/arch              = x86_64
/usr/bin/arch -k       = unknown
/usr/convex/getsysinfo = unknown
/usr/bin/hostinfo      = unknown
/bin/machine           = unknown
/usr/bin/oslevel       = unknown
/bin/universe          = unknown

PATH: /run/media/netpipe/df7f53ef-2a98-4562-a498-7da578dab660/Dev/libs/Scripting/emsdk/upstream/emscripten/system/bin
PATH: /run/media/netpipe/df7f53ef-2a98-4562-a498-7da578dab660/Dev/libs/Scripting/emsdk
PATH: /run/media/netpipe/df7f53ef-2a98-4562-a498-7da578dab660/Dev/libs/Scripting/emsdk/upstream/emscripten
PATH: /run/media/netpipe/df7f53ef-2a98-4562-a498-7da578dab660/Dev/libs/Scripting/emsdk/node/12.9.1_64bit/bin
PATH: /home/netpipe/bin
PATH: /usr/local/bin
PATH: /usr/bin
PATH: /bin
PATH: /usr/lib/mit/bin
PATH: /usr/lib/mit/sbin


## ----------- ##
## Core tests. ##
## ----------- ##

configure:1800: loading site script /usr/share/site/x86_64-unknown-linux-gnu
| #!/bin/sh
| # Site script for configure. It is resourced via $CONFIG_SITE environment varaible.
| 
| # If user did not specify libdir, guess the correct target:
| # Use lib64 for 64 bit bi-arch targets, keep the default for the rest.
| if test "$libdir" = '${exec_prefix}/lib' ; then
| 
| 	ac_config_site_64bit_host=NONE
| 
| 	case "$host" in
| 	"" )
| 		# User did not specify host target.
| 		# The native platform x86_64 is a bi-arch platform.
| 		# Try to detect cross-compilation to inferior architecture.
| 
| 		# We are trying to guess 32-bit target compilation. It's not as easy as
| 		# it sounds, as there is possible several intermediate combinations.
| 		ac_config_site_cross_to_32bit_host=NONE
| 
| 		# User defined -m32 in CFLAGS or CXXFLAGS or CC or CXX:
| 		# (It's sufficient for 32-bit, but alone may cause mis-behavior of some checks.)
| 		case "$CFLAGS $CXXFLAGS $CC $CXX" in
| 		*-m32*)
| 			ac_config_site_cross_to_32bit_host=YES
| 			;;
| 		esac
| 
| 		# Running with linux32:
| 		# (Changes detected platform, but not the toolchain target.)
| 		case "`/bin/uname -i`" in
| 		x86_64 | ppc64 | s390x | aarch64 )
| 			;;
| 		* )
| 			ac_config_site_cross_to_32bit_host=YES
| 			;;
| 		esac
| 
| 		if test "x$ac_config_site_cross_to_32bit_host" = xNONE; then
| 			ac_config_site_64bit_host=YES
| 		fi
| 
| 		;;
| 	*x86_64* | *ppc64* | *s390x* | *aarch64* )
| 		ac_config_site_64bit_host=YES
| 		;;
| 	esac
| 
| 	if test "x$ac_config_site_64bit_host" = xYES; then
| 		libdir='${exec_prefix}/lib64'
| 	fi
| fi
| 
| # If user did not specify libexecdir, set the correct target:
| # Nor FHS nor openSUSE allow prefix/libexec. Let's default to prefix/lib.
| 
| if test "$libexecdir" = '${exec_prefix}/libexec' ; then
| 	libexecdir='${exec_prefix}/lib'
| fi
| 
| # Continue with the standard behavior of configure defined in AC_SITE_LOAD:
| if test "x$prefix" != xNONE; then
| 	ac_site_file1=$prefix/share/config.site
| 	ac_site_file2=$prefix/etc/config.site
| else
| 	ac_site_file1=$ac_default_prefix/share/config.site
| 	ac_site_file2=$ac_default_prefix/etc/config.site
| fi
| for ac_site_file in "$ac_site_file1" "$ac_site_file2"
| do
| 	test "x$ac_site_file" = xNONE && continue
| 	if test /dev/null != "$ac_site_file" && test -r "$ac_site_file"; then
| 		{ $as_echo "/usr/share/site/x86_64-unknown-linux-gnu:${as_lineno-$LINENO}: loading site script $ac_site_file" >&5
| $as_echo "/usr/share/site/x86_64-unknown-linux-gnu: loading site script $ac_site_file" >&6;}
| 		sed 's/^/| /' "$ac_site_file" >&5
| 		. "$ac_site_file" \
| 			|| { { $as_echo "/usr/share/site/x86_64-unknown-linux-gnu:${as_lineno-$LINENO}: error: in \`$ac_pwd':" >&5
| $as_echo "/usr/share/site/x86_64-unknown-linux-gnu: error: in \`$ac_pwd':" >&2;}
| as_fn_error $? "failed to load site script $ac_site_file
| See \`config.log' for more details" "$LINENO" 5; }
| 	fi
| done
configure:1930: checking build system type
configure:1944: result: x86_64-unknown-linux-gnu
configure:1964: checking host system type
configure:1977: result: x86_64-unknown-linux-gnu
configure:1997: checking target system type
configure:2010: result: x86_64-unknown-linux-gnu
configure:2085: checking for gcc
configure:2112: result: emcc
configure:2341: checking for C compiler version
configure:2350: emcc --version >&5
emcc (Emscripten gcc/clang-like replacement) 1.39.4 (commit cf90c72aba3e09ffd96d90a6fdf87095ed5351b8)
Copyright (C) 2014 the Emscripten authors (see AUTHORS.txt)
This is free and open source software under the MIT license.
There is NO warranty; not even for MERCHANTABILITY or FITNESS FOR A PARTICULAR PURPOSE.
  
configure:2361: $? = 0
configure:2350: emcc -v >&5
emcc (Emscripten gcc/clang-like replacement + linker emulating GNU ld) 1.39.4
clang version 10.0.0 (/b/s/w/ir/cache/git/chromium.googlesource.com-external-github.com-llvm-llvm--project b5f295ffcec2fa7402e39eb1262acbd55a7d39f5)
Target: x86_64-unknown-linux-gnu
Thread model: posix
InstalledDir: /run/media/netpipe/df7f53ef-2a98-4562-a498-7da578dab660/Dev/libs/Scripting/emsdk/upstream/bin
Found candidate GCC installation: /usr/lib64/gcc/x86_64-suse-linux/7
Selected GCC installation: /usr/lib64/gcc/x86_64-suse-linux/7
Candidate multilib: .;@m64
Selected multilib: .;@m64
shared:INFO: (Emscripten: Running sanity checks)
... rest of stderr output deleted ...
configure:2361: $? = 0
configure:2350: emcc -V >&5
shared:ERROR: no input files
note that input files without a known suffix are ignored, make sure your input files end with one of: ('.c', '.C', '.i', '.cpp', '.cxx', '.cc', '.c++', '.CPP', '.CXX', '.CC', '.C++', '.ii', '.m', '.mi', '.mm', '.mii', '/dev/null', '.bc', '.o', '.obj', '.lo', '.dylib', '.so', '.a', '.ll', '.h', '.hxx', '.hpp', '.hh', '.H', '.HXX', '.HPP', '.HH')
configure:2361: $? = 1
configure:2350: emcc -qversion >&5
shared:ERROR: no input files
note that input files without a known suffix are ignored, make sure your input files end with one of: ('.c', '.C', '.i', '.cpp', '.cxx', '.cc', '.c++', '.CPP', '.CXX', '.CC', '.C++', '.ii', '.m', '.mi', '.mm', '.mii', '/dev/null', '.bc', '.o', '.obj', '.lo', '.dylib', '.so', '.a', '.ll', '.h', '.hxx', '.hpp', '.hh', '.H', '.HXX', '.HPP', '.HH')
configure:2361: $? = 1
configure:2381: checking whether the C compiler works
configure:2403: emcc    conftest.c  >&5
configure:2407: $? = 0
configure:2455: result: yes
configure:2458: checking for C compiler default output file name
configure:2460: result: a.out
configure:2466: checking for suffix of executables
configure:2473: emcc -o conftest    conftest.c  >&5
configure:2477: $? = 0
configure:2499: result: 
configure:2521: checking whether we are cross compiling
configure:2529: emcc -o conftest    conftest.c  >&5
configure:2533: $? = 0
configure:2540: ./conftest
configure:2544: $? = 0
configure:2559: result: no
configure:2564: checking for suffix of object files
configure:2586: emcc -c   conftest.c >&5
configure:2590: $? = 0
configure:2611: result: o
configure:2615: checking whether we are using the GNU C compiler
configure:2634: emcc -c   conftest.c >&5
configure:2634: $? = 0
configure:2643: result: yes
configure:2652: checking whether emcc accepts -g
configure:2672: emcc -c -g  conftest.c >&5
configure:2672: $? = 0
configure:2713: result: yes
configure:2730: checking for emcc option to accept ISO C89
configure:2793: emcc  -c -g -O2  conftest.c >&5
configure:2793: $? = 0
configure:2806: result: none needed
configure:2870: checking for ranlib
configure:2897: result: /run/media/netpipe/df7f53ef-2a98-4562-a498-7da578dab660/Dev/libs/Scripting/emsdk/upstream/emscripten/emranlib
configure:2962: checking for emar
configure:2989: result: /run/media/netpipe/df7f53ef-2a98-4562-a498-7da578dab660/Dev/libs/Scripting/emsdk/upstream/emscripten/emar
configure:3018: checking how to run the C preprocessor
configure:3049: emcc -E  conftest.c
configure:3049: $? = 0
configure:3063: emcc -E  conftest.c
conftest.c:9:10: fatal error: 'ac_nonexistent.h' file not found
#include <ac_nonexistent.h>
         ^~~~~~~~~~~~~~~~~~
1 error generated.
configure:3063: $? = 1
configure: failed program was:
| /* confdefs.h */
| #define PACKAGE_NAME ""
| #define PACKAGE_TARNAME ""
| #define PACKAGE_VERSION ""
| #define PACKAGE_STRING ""
| #define PACKAGE_BUGREPORT ""
| #define PACKAGE_URL ""
| /* end confdefs.h.  */
| #include <ac_nonexistent.h>
configure:3088: result: emcc -E
configure:3108: emcc -E  conftest.c
configure:3108: $? = 0
configure:3122: emcc -E  conftest.c
conftest.c:9:10: fatal error: 'ac_nonexistent.h' file not found
#include <ac_nonexistent.h>
         ^~~~~~~~~~~~~~~~~~
1 error generated.
configure:3122: $? = 1
configure: failed program was:
| /* confdefs.h */
| #define PACKAGE_NAME ""
| #define PACKAGE_TARNAME ""
| #define PACKAGE_VERSION ""
| #define PACKAGE_STRING ""
| #define PACKAGE_BUGREPORT ""
| #define PACKAGE_URL ""
| /* end confdefs.h.  */
| #include <ac_nonexistent.h>
configure:3151: checking for grep that handles long lines and -e
configure:3209: result: /usr/bin/grep
configure:3214: checking for egrep
configure:3276: result: /usr/bin/grep -E
configure:3281: checking for ANSI C header files
configure:3301: emcc -c -g -O2 -Wall  conftest.c >&5
configure:3301: $? = 0
configure:3374: emcc -o conftest -g -O2 -Wall   conftest.c  >&5
configure:3374: $? = 0
configure:3374: ./conftest
configure:3374: $? = 0
configure:3385: result: yes
configure:3398: checking for sys/types.h
configure:3398: emcc -c -g -O2 -Wall  conftest.c >&5
configure:3398: $? = 0
configure:3398: result: yes
configure:3398: checking for sys/stat.h
configure:3398: emcc -c -g -O2 -Wall  conftest.c >&5
configure:3398: $? = 0
configure:3398: result: yes
configure:3398: checking for stdlib.h
configure:3398: emcc -c -g -O2 -Wall  conftest.c >&5
configure:3398: $? = 0
configure:3398: result: yes
configure:3398: checking for string.h
configure:3398: emcc -c -g -O2 -Wall  conftest.c >&5
configure:3398: $? = 0
configure:3398: result: yes
configure:3398: checking for memory.h
configure:3398: emcc -c -g -O2 -Wall  conftest.c >&5
configure:3398: $? = 0
configure:3398: result: yes
configure:3398: checking for strings.h
configure:3398: emcc -c -g -O2 -Wall  conftest.c >&5
configure:3398: $? = 0
configure:3398: result: yes
configure:3398: checking for inttypes.h
configure:3398: emcc -c -g -O2 -Wall  conftest.c >&5
configure:3398: $? = 0
configure:3398: result: yes
configure:3398: checking for stdint.h
configure:3398: emcc -c -g -O2 -Wall  conftest.c >&5
configure:3398: $? = 0
configure:3398: result: yes
configure:3398: checking for unistd.h
configure:3398: emcc -c -g -O2 -Wall  conftest.c >&5
configure:3398: $? = 0
configure:3398: result: yes
configure:3410: checking whether byte ordering is bigendian
configure:3425: emcc -c -g -O2 -Wall  conftest.c >&5
conftest.c:20:9: error: unknown type name 'not'
               not a universal capable compiler
               ^
conftest.c:20:14: error: expected ';' after top level declarator
               not a universal capable compiler
                    ^
                    ;
2 errors generated.
shared:ERROR: '/run/media/netpipe/df7f53ef-2a98-4562-a498-7da578dab660/Dev/libs/Scripting/emsdk/upstream/bin/clang -target wasm32-unknown-emscripten -D__EMSCRIPTEN_major__=1 -D__EMSCRIPTEN_minor__=39 -D__EMSCRIPTEN_tiny__=4 -D_LIBCPP_ABI_VERSION=2 -Dunix -D__unix -D__unix__ -Werror=implicit-function-declaration -Xclang -nostdsysteminc -Xclang -isystem/run/media/netpipe/df7f53ef-2a98-4562-a498-7da578dab660/Dev/libs/Scripting/emsdk/upstream/emscripten/system/include/libcxx -Xclang -isystem/run/media/netpipe/df7f53ef-2a98-4562-a498-7da578dab660/Dev/libs/Scripting/emsdk/upstream/emscripten/system/lib/libcxxabi/include -Xclang -isystem/run/media/netpipe/df7f53ef-2a98-4562-a498-7da578dab660/Dev/libs/Scripting/emsdk/upstream/emscripten/system/include/compat -Xclang -isystem/run/media/netpipe/df7f53ef-2a98-4562-a498-7da578dab660/Dev/libs/Scripting/emsdk/upstream/emscripten/system/include -Xclang -isystem/run/media/netpipe/df7f53ef-2a98-4562-a498-7da578dab660/Dev/libs/Scripting/emsdk/upstream/emscripten/system/include/libc -Xclang -isystem/run/media/netpipe/df7f53ef-2a98-4562-a498-7da578dab660/Dev/libs/Scripting/emsdk/upstream/emscripten/system/lib/libc/musl/arch/emscripten -Xclang -isystem/run/media/netpipe/df7f53ef-2a98-4562-a498-7da578dab660/Dev/libs/Scripting/emsdk/upstream/emscripten/system/local/include -c -gline-tables-only -O2 -Wall -DEMSCRIPTEN conftest.c -Xclang -isystem/run/media/netpipe/df7f53ef-2a98-4562-a498-7da578dab660/Dev/libs/Scripting/emsdk/upstream/emscripten/system/include/SDL -c -o conftest.o -mllvm -combiner-global-alias-analysis=false -mllvm -enable-emscripten-sjlj -mllvm -disable-lsr' failed (1)
configure:3425: $? = 1
configure: failed program was:
| /* confdefs.h */
| #define PACKAGE_NAME ""
| #define PACKAGE_TARNAME ""
| #define PACKAGE_VERSION ""
| #define PACKAGE_STRING ""
| #define PACKAGE_BUGREPORT ""
| #define PACKAGE_URL ""
| #define STDC_HEADERS 1
| #define HAVE_SYS_TYPES_H 1
| #define HAVE_SYS_STAT_H 1
| #define HAVE_STDLIB_H 1
| #define HAVE_STRING_H 1
| #define HAVE_MEMORY_H 1
| #define HAVE_STRINGS_H 1
| #define HAVE_INTTYPES_H 1
| #define HAVE_STDINT_H 1
| #define HAVE_UNISTD_H 1
| /* end confdefs.h.  */
| #ifndef __APPLE_CC__
| 	       not a universal capable compiler
| 	     #endif
| 	     typedef int dummy;
| 
configure:3470: emcc -c -g -O2 -Wall  conftest.c >&5
configure:3470: $? = 0
configure:3488: emcc -c -g -O2 -Wall  conftest.c >&5
conftest.c:26:4: error: use of undeclared identifier 'not'
                 not big endian
                 ^
1 error generated.
shared:ERROR: '/run/media/netpipe/df7f53ef-2a98-4562-a498-7da578dab660/Dev/libs/Scripting/emsdk/upstream/bin/clang -target wasm32-unknown-emscripten -D__EMSCRIPTEN_major__=1 -D__EMSCRIPTEN_minor__=39 -D__EMSCRIPTEN_tiny__=4 -D_LIBCPP_ABI_VERSION=2 -Dunix -D__unix -D__unix__ -Werror=implicit-function-declaration -Xclang -nostdsysteminc -Xclang -isystem/run/media/netpipe/df7f53ef-2a98-4562-a498-7da578dab660/Dev/libs/Scripting/emsdk/upstream/emscripten/system/include/libcxx -Xclang -isystem/run/media/netpipe/df7f53ef-2a98-4562-a498-7da578dab660/Dev/libs/Scripting/emsdk/upstream/emscripten/system/lib/libcxxabi/include -Xclang -isystem/run/media/netpipe/df7f53ef-2a98-4562-a498-7da578dab660/Dev/libs/Scripting/emsdk/upstream/emscripten/system/include/compat -Xclang -isystem/run/media/netpipe/df7f53ef-2a98-4562-a498-7da578dab660/Dev/libs/Scripting/emsdk/upstream/emscripten/system/include -Xclang -isystem/run/media/netpipe/df7f53ef-2a98-4562-a498-7da578dab660/Dev/libs/Scripting/emsdk/upstream/emscripten/system/include/libc -Xclang -isystem/run/media/netpipe/df7f53ef-2a98-4562-a498-7da578dab660/Dev/libs/Scripting/emsdk/upstream/emscripten/system/lib/libc/musl/arch/emscripten -Xclang -isystem/run/media/netpipe/df7f53ef-2a98-4562-a498-7da578dab660/Dev/libs/Scripting/emsdk/upstream/emscripten/system/local/include -c -gline-tables-only -O2 -Wall -DEMSCRIPTEN conftest.c -Xclang -isystem/run/media/netpipe/df7f53ef-2a98-4562-a498-7da578dab660/Dev/libs/Scripting/emsdk/upstream/emscripten/system/include/SDL -c -o conftest.o -mllvm -combiner-global-alias-analysis=false -mllvm -enable-emscripten-sjlj -mllvm -disable-lsr' failed (1)
configure:3488: $? = 1
configure: failed program was:
| /* confdefs.h */
| #define PACKAGE_NAME ""
| #define PACKAGE_TARNAME ""
| #define PACKAGE_VERSION ""
| #define PACKAGE_STRING ""
| #define PACKAGE_BUGREPORT ""
| #define PACKAGE_URL ""
| #define STDC_HEADERS 1
| #define HAVE_SYS_TYPES_H 1
| #define HAVE_SYS_STAT_H 1
| #define HAVE_STDLIB_H 1
| #define HAVE_STRING_H 1
| #define HAVE_MEMORY_H 1
| #define HAVE_STRINGS_H 1
| #define HAVE_INTTYPES_H 1
| #define HAVE_STDINT_H 1
| #define HAVE_UNISTD_H 1
| /* end confdefs.h.  */
| #include <sys/types.h>
| 		#include <sys/param.h>
| 
| int
| main ()
| {
| #if BYTE_ORDER != BIG_ENDIAN
| 		 not big endian
| 		#endif
| 
|   ;
|   return 0;
| }
configure:3616: result: no
configure:3788: creating ./config.status

## ---------------------- ##
## Running config.status. ##
## ---------------------- ##

This file was extended by config.status, which was
generated by GNU Autoconf 2.69.  Invocation command line was

  CONFIG_FILES    = 
  CONFIG_HEADERS  = 
  CONFIG_LINKS    = 
  CONFIG_COMMANDS = 
  $ ./config.status 

on linux-1loo

config.status:737: creating config/config

## ---------------- ##
## Cache variables. ##
## ---------------- ##

ac_cv_build=x86_64-unknown-linux-gnu
ac_cv_c_bigendian=no
ac_cv_c_compiler_gnu=yes
ac_cv_env_CC_set=set
ac_cv_env_CC_value=emcc
ac_cv_env_CFLAGS_set=
ac_cv_env_CFLAGS_value=
ac_cv_env_CPPFLAGS_set=
ac_cv_env_CPPFLAGS_value=
ac_cv_env_CPP_set=
ac_cv_env_CPP_value=
ac_cv_env_LDFLAGS_set=
ac_cv_env_LDFLAGS_value=
ac_cv_env_LIBS_set=
ac_cv_env_LIBS_value=
ac_cv_env_build_alias_set=
ac_cv_env_build_alias_value=
ac_cv_env_host_alias_set=
ac_cv_env_host_alias_value=
ac_cv_env_target_alias_set=
ac_cv_env_target_alias_value=
ac_cv_header_inttypes_h=yes
ac_cv_header_memory_h=yes
ac_cv_header_stdc=yes
ac_cv_header_stdint_h=yes
ac_cv_header_stdlib_h=yes
ac_cv_header_string_h=yes
ac_cv_header_strings_h=yes
ac_cv_header_sys_stat_h=yes
ac_cv_header_sys_types_h=yes
ac_cv_header_unistd_h=yes
ac_cv_host=x86_64-unknown-linux-gnu
ac_cv_objext=o
ac_cv_path_EGREP='/usr/bin/grep -E'
ac_cv_path_GREP=/usr/bin/grep
ac_cv_prog_CPP='emcc -E'
ac_cv_prog_ac_ct_AR=/run/media/netpipe/df7f53ef-2a98-4562-a498-7da578dab660/Dev/libs/Scripting/emsdk/upstream/emscripten/emar
ac_cv_prog_ac_ct_CC=emcc
ac_cv_prog_ac_ct_RANLIB=/run/media/netpipe/df7f53ef-2a98-4562-a498-7da578dab660/Dev/libs/Scripting/emsdk/upstream/emscripten/emranlib
ac_cv_prog_cc_c89=
ac_cv_prog_cc_g=yes
ac_cv_target=x86_64-unknown-linux-gnu

## ----------------- ##
## Output variables. ##
## ----------------- ##

AR='/run/media/netpipe/df7f53ef-2a98-4562-a498-7da578dab660/Dev/libs/Scripting/emsdk/upstream/emscripten/emar'
CC='emcc'
CFLAGS='-g -O2 -Wall'
CPP='emcc -E'
CPPFLAGS=''
DEFS='-DPACKAGE_NAME=\"\" -DPACKAGE_TARNAME=\"\" -DPACKAGE_VERSION=\"\" -DPACKAGE_STRING=\"\" -DPACKAGE_BUGREPORT=\"\" -DPACKAGE_URL=\"\" -DSTDC_HEADERS=1 -DHAVE_SYS_TYPES_H=1 -DHAVE_SYS_STAT_H=1 -DHAVE_STDLIB_H=1 -DHAVE_STRING_H=1 -DHAVE_MEMORY_H=1 -DHAVE_STRINGS_H=1 -DHAVE_INTTYPES_H=1 -DHAVE_STDINT_H=1 -DHAVE_UNISTD_H=1'
ECHO_C=''
ECHO_N='-n'
ECHO_T=''
EGREP='/usr/bin/grep -E'
EXEEXT=''
GREP='/usr/bin/grep'
LDFLAGS=''
LIBOBJS=''
LIBS=''
LTLIBOBJS=''
OBJEXT='o'
PACKAGE_BUGREPORT=''
PACKAGE_NAME=''
PACKAGE_STRING=''
PACKAGE_TARNAME=''
PACKAGE_URL=''
PACKAGE_VERSION=''
PATH_SEPARATOR=':'
RANLIB='/run/media/netpipe/df7f53ef-2a98-4562-a498-7da578dab660/Dev/libs/Scripting/emsdk/upstream/emscripten/emranlib'
SHELL='/bin/sh'
ac_ct_CC='emcc'
bindir='${exec_prefix}/bin'
build='x86_64-unknown-linux-gnu'
build_alias=''
build_cpu='x86_64'
build_os='linux-gnu'
build_vendor='unknown'
datadir='${datarootdir}'
datarootdir='${prefix}/share'
docdir='${datarootdir}/doc/${PACKAGE}'
dvidir='${docdir}'
exec_prefix='${prefix}'
host='x86_64-unknown-linux-gnu'
host_alias=''
host_cpu='x86_64'
host_os='linux-gnu'
host_vendor='unknown'
htmldir='${docdir}'
includedir='${prefix}/include'
infodir='${datarootdir}/info'
libdir='${exec_prefix}/lib64'
libexecdir='${exec_prefix}/lib'
localedir='${datarootdir}/locale'
localstatedir='${prefix}/var'
mandir='${datarootdir}/man'
oldincludedir='/usr/include'
pdfdir='${docdir}'
prefix='/usr/local'
program_transform_name='s,x,x,'
psdir='${docdir}'
sbindir='${exec_prefix}/sbin'
sharedstatedir='${prefix}/com'
sysconfdir='${prefix}/etc'
target='x86_64-unknown-linux-gnu'
target_alias=''
target_cpu='x86_64'
target_os='linux-gnu'
target_vendor='unknown'

## ----------- ##
## confdefs.h. ##
## ----------- ##

/* confdefs.h */
#define PACKAGE_NAME ""
#define PACKAGE_TARNAME ""
#define PACKAGE_VERSION ""
#define PACKAGE_STRING ""
#define PACKAGE_BUGREPORT ""
#define PACKAGE_URL ""
#define STDC_HEADERS 1
#define HAVE_SYS_TYPES_H 1
#define HAVE_SYS_STAT_H 1
#define HAVE_STDLIB_H 1
#define HAVE_STRING_H 1
#define HAVE_MEMORY_H 1
#define HAVE_STRINGS_H 1
#define HAVE_INTTYPES_H 1
#define HAVE_STDINT_H 1
#define HAVE_UNISTD_H 1

configure: exit 0
