The target system is: Emscripten - 1 - x86
The host system is: Linux - 4.12.14-lp150.12.79-default - x86_64
Determining if the pthread_create exist passed with the following output:
Change Dir: /run/media/netpipe/df7f53ef-2a98-4562-a498-7da578dab660/games/Luna/LunaLibs/OpenSteer/CMakeFiles/CMakeTmp

Run Build Command:"/usr/bin/gmake" "cmTC_cedce/fast"
/usr/bin/gmake -f CMakeFiles/cmTC_cedce.dir/build.make CMakeFiles/cmTC_cedce.dir/build
gmake[1]: Entering directory '/run/media/netpipe/df7f53ef-2a98-4562-a498-7da578dab660/games/Luna/LunaLibs/OpenSteer/CMakeFiles/CMakeTmp'
Building C object CMakeFiles/cmTC_cedce.dir/CheckSymbolExists.c.o
/run/media/netpipe/df7f53ef-2a98-4562-a498-7da578dab660/Dev/libs/Scripting/emsdk/upstream/emscripten/emcc    -o CMakeFiles/cmTC_cedce.dir/CheckSymbolExists.c.o   -c /run/media/netpipe/df7f53ef-2a98-4562-a498-7da578dab660/games/Luna/LunaLibs/OpenSteer/CMakeFiles/CMakeTmp/CheckSymbolExists.c
Linking C executable cmTC_cedce.js
/usr/bin/cmake -E cmake_link_script CMakeFiles/cmTC_cedce.dir/link.txt --verbose=1
/run/media/netpipe/df7f53ef-2a98-4562-a498-7da578dab660/Dev/libs/Scripting/emsdk/upstream/emscripten/emcc      @CMakeFiles/cmTC_cedce.dir/objects1.rsp  -o cmTC_cedce.js 
gmake[1]: Leaving directory '/run/media/netpipe/df7f53ef-2a98-4562-a498-7da578dab660/games/Luna/LunaLibs/OpenSteer/CMakeFiles/CMakeTmp'

File /run/media/netpipe/df7f53ef-2a98-4562-a498-7da578dab660/games/Luna/LunaLibs/OpenSteer/CMakeFiles/CMakeTmp/CheckSymbolExists.c:
/* */
#include <pthread.h>

int main(int argc, char** argv)
{
  (void)argv;
#ifndef pthread_create
  return ((int*)(&pthread_create))[argc];
#else
  (void)argc;
  return 0;
#endif
}

The target system is: Emscripten - 1 - x86
The host system is: Linux - 4.12.14-lp150.12.79-default - x86_64
Determining if the pthread_create exist passed with the following output:
Change Dir: /run/media/netpipe/df7f53ef-2a98-4562-a498-7da578dab660/games/Luna/EMLibs/OpenSteer/CMakeFiles/CMakeTmp

Run Build Command:"/usr/bin/gmake" "cmTC_d3ca0/fast"
/usr/bin/gmake -f CMakeFiles/cmTC_d3ca0.dir/build.make CMakeFiles/cmTC_d3ca0.dir/build
gmake[1]: Entering directory '/run/media/netpipe/df7f53ef-2a98-4562-a498-7da578dab660/games/Luna/EMLibs/OpenSteer/CMakeFiles/CMakeTmp'
Building C object CMakeFiles/cmTC_d3ca0.dir/CheckSymbolExists.c.o
/run/media/netpipe/df7f53ef-2a98-4562-a498-7da578dab660/Dev/libs/Scripting/emsdk/upstream/emscripten/emcc    -o CMakeFiles/cmTC_d3ca0.dir/CheckSymbolExists.c.o   -c /run/media/netpipe/df7f53ef-2a98-4562-a498-7da578dab660/games/Luna/EMLibs/OpenSteer/CMakeFiles/CMakeTmp/CheckSymbolExists.c
Linking C executable cmTC_d3ca0.js
/usr/bin/cmake -E cmake_link_script CMakeFiles/cmTC_d3ca0.dir/link.txt --verbose=1
/run/media/netpipe/df7f53ef-2a98-4562-a498-7da578dab660/Dev/libs/Scripting/emsdk/upstream/emscripten/emcc      @CMakeFiles/cmTC_d3ca0.dir/objects1.rsp  -o cmTC_d3ca0.js 
gmake[1]: Leaving directory '/run/media/netpipe/df7f53ef-2a98-4562-a498-7da578dab660/games/Luna/EMLibs/OpenSteer/CMakeFiles/CMakeTmp'

File /run/media/netpipe/df7f53ef-2a98-4562-a498-7da578dab660/games/Luna/EMLibs/OpenSteer/CMakeFiles/CMakeTmp/CheckSymbolExists.c:
/* */
#include <pthread.h>

int main(int argc, char** argv)
{
  (void)argv;
#ifndef pthread_create
  return ((int*)(&pthread_create))[argc];
#else
  (void)argc;
  return 0;
#endif
}

